newadept.are

voidcitadel.are

withered_depths.are

thornwood.are

shadowmere.are

akhenet.are

midgaard.are

rocroad.are

midgaard_shops.are

wood.are

eastern_desert.are

the_great_oasis.are

the_northern_oasis.are

kelshadra.are

sunken_sanctum.are

pubdun.are

confusn.are

the_southern_oasis.are

verdantgreen.are

northern_pyramid.are

umbra_heartspire.are

southern_pyramid.are

kiess.are

kowloon.are

mafdet.are

great_northern_forest.are

rakuen.are

arroyo.are

newschool.are

forest_preserve.are

nightfall_catacombs.are

scorched_wastes.are

scorchsands.are

gloamvault.are

sepulcher_pasture.are

violet_eclipse_cathedral.are

sultans_palace.are

lost_city.are

pyramid.are

khardaan.are

saltglass_reach.are

cinderteeth_mountains.are

playerhousing.are

societies.are

ceiling.are

$
